<?xml version="1.0" encoding="UTF-8"?>
<testsuite name="test" tests="2" skipped="0" failures="0" errors="0" timestamp="2016-04-25T22:43:25" hostname="epicodus-54.local" time="0.001">
  <properties/>
  <testcase name="volume_testVolumeMethodWithInputsOf2_8" classname="test" time="0.0"/>
  <testcase name="totalCost_weightOneAllSidesTwo_return" classname="test" time="0.0"/>
  <system-out><![CDATA[]]></system-out>
  <system-err><![CDATA[]]></system-err>
</testsuite>
